1745306248889:help
1745306259458:list books
1745306263353:crate book
1745306267242:create book
1745306833391:create book --title Valami --price 123 --publisher KiadoKFT --author Valaki
1745307013251:help
1745307016147:create book
1745307040464:create book --author Valami --publisher KiadoKFT --price 123 --title Valami
1745307175940:list book
1745307177780:list books
1745307181995:help
1745307184483:list books
1745909415132:update book
1745909422432:quit
1745909445914:list books
1745909449021:update book
1745909967770:list books
1745909971969:delet book 4
1745909976069:delete book 4
1745909982407:list books
1745910237088:help
1745911101637:list books
1745911107392:List bookstores
1745911784520:help
1745911791976:List bookstores
1745911798423:Delete bookstore 1
1745911800003:List bookstores
